Added Component: Designator=*1(LOXO_433_NGANG)
Add component. Clean all parameters for all variants
Added Component: Designator=*2(LOXO_433_NGANG)
Add component. Clean all parameters for all variants
Added Component: Designator=*3(Micro_SD_Card)
Add component. Clean all parameters for all variants
Added Component: Designator=C1(SM-0805)
Add component. Clean all parameters for all variants
Add component (AddParameter): Name = "Value"; Value = "103"; VariantName = "[No Variations]"
Added Component: Designator=C2(SM-0805)
Add component. Clean all parameters for all variants
Add component (AddParameter): Name = "Value"; Value = "103"; VariantName = "[No Variations]"
Added Component: Designator=C3(SM-0805)
Add component. Clean all parameters for all variants
Add component (AddParameter): Name = "Value"; Value = "103"; VariantName = "[No Variations]"
Added Component: Designator=C4(CAP-ALU-SMD-6.3x7.7x2.2)
Add component. Clean all parameters for all variants
Add component (AddParameter): Name = "LatestRevisionDate"; Value = "17-Jul-2002"; VariantName = "[No Variations]"
Add component (AddParameter): Name = "LatestRevisionNote"; Value = "Re-released for DXP Platform."; VariantName = "[No Variations]"
Add component (AddParameter): Name = "PackageReference"; Value = "POLAR0.8"; VariantName = "[No Variations]"
Add component (AddParameter): Name = "Published"; Value = "8-Jun-2000"; VariantName = "[No Variations]"
Add component (AddParameter): Name = "Publisher"; Value = "Altium Limited"; VariantName = "[No Variations]"
Added Component: Designator=C5(CAP-ALU-SMD-6.3x7.7x2.2)
Add component. Clean all parameters for all variants
Add component (AddParameter): Name = "LatestRevisionDate"; Value = "17-Jul-2002"; VariantName = "[No Variations]"
Add component (AddParameter): Name = "LatestRevisionNote"; Value = "Re-released for DXP Platform."; VariantName = "[No Variations]"
Add component (AddParameter): Name = "PackageReference"; Value = "POLAR0.8"; VariantName = "[No Variations]"
Add component (AddParameter): Name = "Published"; Value = "8-Jun-2000"; VariantName = "[No Variations]"
Add component (AddParameter): Name = "Publisher"; Value = "Altium Limited"; VariantName = "[No Variations]"
Added Component: Designator=C6(CAP-ALU-SMD-6.3x7.7x2.2)
Add component. Clean all parameters for all variants
Add component (AddParameter): Name = "LatestRevisionDate"; Value = "17-Jul-2002"; VariantName = "[No Variations]"
Add component (AddParameter): Name = "LatestRevisionNote"; Value = "Re-released for DXP Platform."; VariantName = "[No Variations]"
Add component (AddParameter): Name = "PackageReference"; Value = "POLAR0.8"; VariantName = "[No Variations]"
Add component (AddParameter): Name = "Published"; Value = "8-Jun-2000"; VariantName = "[No Variations]"
Add component (AddParameter): Name = "Publisher"; Value = "Altium Limited"; VariantName = "[No Variations]"
Added Component: Designator=C7(JP4-C1T)
Add component. Clean all parameters for all variants
Add component (AddParameter): Name = "ComponentLink1 Description"; Value = "Manufacturer"; VariantName = "[No Variations]"
Add component (AddParameter): Name = "ComponentLink1URL"; Value = "http://www.we-online.com"; VariantName = "[No Variations]"
Add component (AddParameter): Name = "ComponentLink2 Description"; Value = "Datasheet"; VariantName = "[No Variations]"
Add component (AddParameter): Name = "ComponentLink2URL"; Value = "http://katalog.we-online.de/em/datasheet/6130xx143121.pdf"; VariantName = "[No Variations]"
Add component (AddParameter): Name = "Created by"; Value = "Karrer Zheng"; VariantName = "[No Variations]"
Add component (AddParameter): Name = "Created Date"; Value = "29 March 2013"; VariantName = "[No Variations]"
Add component (AddParameter): Name = "Manufacturer"; Value = "W¨¹rth Elektronik eiSos GmbH"; VariantName = "[No Variations]"
Add component (AddParameter): Name = "NoPins"; Value = "04"; VariantName = "[No Variations]"
Add component (AddParameter): Name = "partNo"; Value = "613004143121"; VariantName = "[No Variations]"
Added Component: Designator=C8(SM-0805)
Add component. Clean all parameters for all variants
Add component (AddParameter): Name = "Value"; Value = "103"; VariantName = "[No Variations]"
Added Component: Designator=C9(SM-0805)
Add component. Clean all parameters for all variants
Add component (AddParameter): Name = "Value"; Value = "103"; VariantName = "[No Variations]"
Added Component: Designator=C10(SM-0805)
Add component. Clean all parameters for all variants
Add component (AddParameter): Name = "Value"; Value = "103"; VariantName = "[No Variations]"
Added Component: Designator=C11(SM-0805)
Add component. Clean all parameters for all variants
Add component (AddParameter): Name = "Value"; Value = "103"; VariantName = "[No Variations]"
Added Component: Designator=C12(SM-0805)
Add component. Clean all parameters for all variants
Add component (AddParameter): Name = "Value"; Value = "103"; VariantName = "[No Variations]"
Added Component: Designator=C13(SM-0805)
Add component. Clean all parameters for all variants
Add component (AddParameter): Name = "Value"; Value = "103"; VariantName = "[No Variations]"
Added Component: Designator=C14(SM-0805)
Add component. Clean all parameters for all variants
Add component (AddParameter): Name = "Value"; Value = "103"; VariantName = "[No Variations]"
Added Component: Designator=C15(SM-0805)
Add component. Clean all parameters for all variants
Add component (AddParameter): Name = "Value"; Value = "103"; VariantName = "[No Variations]"
Added Component: Designator=C16(SM-0805)
Add component. Clean all parameters for all variants
Add component (AddParameter): Name = "Value"; Value = "103"; VariantName = "[No Variations]"
Added Component: Designator=D1(DIO-SMD-106)
Add component. Clean all parameters for all variants
Added Component: Designator=D2(DIO-SMD-106)
Add component. Clean all parameters for all variants
Added Component: Designator=LED1(SM-LED-0805-Blue)
Add component. Clean all parameters for all variants
Added Component: Designator=LED2(SM-LED-0805-Blue)
Add component. Clean all parameters for all variants
Added Component: Designator=LED3(SM-LED-0805-Blue)
Add component. Clean all parameters for all variants
Added Component: Designator=LED4(SM-LED-0805-Blue)
Add component. Clean all parameters for all variants
Added Component: Designator=LED5(SM-LED-0805-Blue)
Add component. Clean all parameters for all variants
Added Component: Designator=M1(CC1101 UART HC11)
Add component. Clean all parameters for all variants
Added Component: Designator=M2(CC1101 UART HC11)
Add component. Clean all parameters for all variants
Added Component: Designator=Q1(SOT23-231)
Add component. Clean all parameters for all variants
Add component (AddParameter): Name = ""; Value = "C2383"; VariantName = "[No Variations]"
Add component (AddParameter): Name = "Value"; Value = "C1815"; VariantName = "[No Variations]"
Added Component: Designator=Q2(SOT23-231)
Add component. Clean all parameters for all variants
Add component (AddParameter): Name = ""; Value = "C2383"; VariantName = "[No Variations]"
Add component (AddParameter): Name = "Value"; Value = "C1815"; VariantName = "[No Variations]"
Added Component: Designator=R1(RES-SMD-0805)
Add component. Clean all parameters for all variants
Added Component: Designator=R2(RES-SMD-0805)
Add component. Clean all parameters for all variants
Added Component: Designator=R3(RES-SMD-0805)
Add component. Clean all parameters for all variants
Added Component: Designator=R4(RES-SMD-0805)
Add component. Clean all parameters for all variants
Added Component: Designator=R5(RES-SMD-0805)
Add component. Clean all parameters for all variants
Added Component: Designator=R6(RES-SMD-0805)
Add component. Clean all parameters for all variants
Added Component: Designator=R7(RES-SMD-0805)
Add component. Clean all parameters for all variants
Added Component: Designator=R8(RES-SMD-0805)
Add component. Clean all parameters for all variants
Added Component: Designator=R9(RES-SMD-0805)
Add component. Clean all parameters for all variants
Added Component: Designator=R10(RES-SMD-0805)
Add component. Clean all parameters for all variants
Added Component: Designator=RM1(RN4-0805)
Add component. Clean all parameters for all variants
Added Component: Designator=S1(BUTTON-SMD 2PIN)
Add component. Clean all parameters for all variants
Add component (AddParameter): Name = "LatestRevisionDate"; Value = "17-Jul-2002"; VariantName = "[No Variations]"
Add component (AddParameter): Name = "LatestRevisionNote"; Value = "Re-released for DXP Platform."; VariantName = "[No Variations]"
Add component (AddParameter): Name = "PackageReference"; Value = "SPST-2"; VariantName = "[No Variations]"
Add component (AddParameter): Name = "Published"; Value = "24-Mar-1999"; VariantName = "[No Variations]"
Add component (AddParameter): Name = "Publisher"; Value = "Altium Limited"; VariantName = "[No Variations]"
Added Component: Designator=S2(BUTTON-SMD 2PIN)
Add component. Clean all parameters for all variants
Add component (AddParameter): Name = "LatestRevisionDate"; Value = "17-Jul-2002"; VariantName = "[No Variations]"
Add component (AddParameter): Name = "LatestRevisionNote"; Value = "Re-released for DXP Platform."; VariantName = "[No Variations]"
Add component (AddParameter): Name = "PackageReference"; Value = "SPST-2"; VariantName = "[No Variations]"
Add component (AddParameter): Name = "Published"; Value = "24-Mar-1999"; VariantName = "[No Variations]"
Add component (AddParameter): Name = "Publisher"; Value = "Altium Limited"; VariantName = "[No Variations]"
Added Component: Designator=SB1(SB_3)
Add component. Clean all parameters for all variants
Added Component: Designator=U1(SOT223)
Add component. Clean all parameters for all variants
Added Component: Designator=U2(SOT223)
Add component. Clean all parameters for all variants
Added Component: Designator=U3(ESP32S)
Add component. Clean all parameters for all variants
Added Component: Designator=U4(SO16)
Add component. Clean all parameters for all variants
Add component (AddParameter): Name = "ComponentLink1Description"; Value = "Manufacturer Link"; VariantName = "[No Variations]"
Add component (AddParameter): Name = "ComponentLink1URL"; Value = "http://www.irf.com/"; VariantName = "[No Variations]"
Add component (AddParameter): Name = "ComponentLink2Description"; Value = "Datasheet"; VariantName = "[No Variations]"
Add component (AddParameter): Name = "ComponentLink2URL"; Value = "http://www.irf.com/product-info/datasheets/data/ir2110.pdf"; VariantName = "[No Variations]"
Add component (AddParameter): Name = "DatasheetVersion"; Value = "PD60147J"; VariantName = "[No Variations]"
Add component (AddParameter): Name = "LatestRevisionDate"; Value = "04-Mar-2005"; VariantName = "[No Variations]"
Add component (AddParameter): Name = "LatestRevisionNote"; Value = "Stylized 3D Model Added."; VariantName = "[No Variations]"
Add component (AddParameter): Name = "Note"; Value = "Pins 4, 8 and 14 are not connected"; VariantName = "[No Variations]"
Add component (AddParameter): Name = "PackageDescription"; Value = "DIP; 14 Leads; Row Spacing 7.62 mm; Pitch 2.54 mm"; VariantName = "[No Variations]"
Add component (AddParameter): Name = "PackageReference"; Value = "PDIP14"; VariantName = "[No Variations]"
Add component (AddParameter): Name = "Published"; Value = "8-Jun-2000"; VariantName = "[No Variations]"
Add component (AddParameter): Name = "Publisher"; Value = "Altium Limited"; VariantName = "[No Variations]"
Added Component: Designator=USB1(USB-M1)
Add component. Clean all parameters for all variants
Added Component: Designator=USB2(USB-M1)
Add component. Clean all parameters for all variants
Added Component: Designator=X1(XT32k)
Add component. Clean all parameters for all variants
Add component (AddParameter): Name = "Value"; Value = "4Mhz"; VariantName = "[No Variations]"
Added Component: Designator=X2(XT2)
Add component. Clean all parameters for all variants
Add component (AddParameter): Name = "Value"; Value = "4Mhz"; VariantName = "[No Variations]"
Added Pin To Net: NetName=3V3 Pin=*3-4
Added Pin To Net: NetName=3V3 Pin=C1-2
Added Pin To Net: NetName=3V3 Pin=C2-2
Added Pin To Net: NetName=3V3 Pin=C3-2
Added Pin To Net: NetName=3V3 Pin=C4-1
Added Pin To Net: NetName=3V3 Pin=C5-1
Added Pin To Net: NetName=3V3 Pin=C7-4
Added Pin To Net: NetName=3V3 Pin=C8-2
Added Pin To Net: NetName=3V3 Pin=C15-2
Added Pin To Net: NetName=3V3 Pin=C16-1
Added Pin To Net: NetName=3V3 Pin=M1-1
Added Pin To Net: NetName=3V3 Pin=M2-1
Added Pin To Net: NetName=3V3 Pin=R1-2
Added Pin To Net: NetName=3V3 Pin=R2-2
Added Pin To Net: NetName=3V3 Pin=R4-2
Added Pin To Net: NetName=3V3 Pin=R5-2
Added Pin To Net: NetName=3V3 Pin=R6-2
Added Pin To Net: NetName=3V3 Pin=R8-1
Added Pin To Net: NetName=3V3 Pin=RM1-5
Added Pin To Net: NetName=3V3 Pin=RM1-6
Added Pin To Net: NetName=3V3 Pin=RM1-7
Added Pin To Net: NetName=3V3 Pin=RM1-8
Added Pin To Net: NetName=3V3 Pin=U1-2
Added Pin To Net: NetName=3V3 Pin=U1-4
Added Pin To Net: NetName=3V3 Pin=U2-2
Added Pin To Net: NetName=3V3 Pin=U2-4
Added Pin To Net: NetName=3V3 Pin=U3-2
Added Net: Name=3V3
Added Pin To Net: NetName=5V Pin=C6-1
Added Pin To Net: NetName=5V Pin=D1-2
Added Pin To Net: NetName=5V Pin=D2-2
Added Pin To Net: NetName=5V Pin=U1-3
Added Pin To Net: NetName=5V Pin=U2-3
Added Pin To Net: NetName=5V Pin=U4-16
Added Net: Name=5V
Added Pin To Net: NetName=DTR Pin=Q2-1
Added Pin To Net: NetName=DTR Pin=R7-2
Added Pin To Net: NetName=DTR Pin=U4-13
Added Net: Name=DTR
Added Pin To Net: NetName=EN Pin=C9-1
Added Pin To Net: NetName=EN Pin=Q1-3
Added Pin To Net: NetName=EN Pin=R6-1
Added Pin To Net: NetName=EN Pin=S1-2
Added Pin To Net: NetName=EN Pin=SB1-1
Added Pin To Net: NetName=EN Pin=U3-3
Added Net: Name=EN
Added Pin To Net: NetName=ESP32_RX_B Pin=M2-4
Added Pin To Net: NetName=ESP32_RX_B Pin=U3-14
Added Pin To Net: NetName=ESP32_RX_B Pin=USB1-2
Added Net: Name=ESP32_RX_B
Added Pin To Net: NetName=ESP32_RX Pin=LED1-2
Added Pin To Net: NetName=ESP32_RX Pin=M1-4
Added Pin To Net: NetName=ESP32_RX Pin=U3-27
Added Net: Name=ESP32_RX
Added Pin To Net: NetName=ESP32_TX_B Pin=M2-3
Added Pin To Net: NetName=ESP32_TX_B Pin=U3-13
Added Pin To Net: NetName=ESP32_TX_B Pin=USB1-3
Added Net: Name=ESP32_TX_B
Added Pin To Net: NetName=ESP32_TX Pin=LED2-2
Added Pin To Net: NetName=ESP32_TX Pin=M1-3
Added Pin To Net: NetName=ESP32_TX Pin=U3-28
Added Net: Name=ESP32_TX
Added Pin To Net: NetName=ESP_RX Pin=C7-1
Added Pin To Net: NetName=ESP_RX Pin=U3-34
Added Pin To Net: NetName=ESP_RX Pin=U4-2
Added Net: Name=ESP_RX
Added Pin To Net: NetName=ESP_TX Pin=C7-2
Added Pin To Net: NetName=ESP_TX Pin=U3-35
Added Pin To Net: NetName=ESP_TX Pin=U4-3
Added Net: Name=ESP_TX
Added Pin To Net: NetName=GND Pin=*3-6
Added Pin To Net: NetName=GND Pin=*3-6
Added Pin To Net: NetName=GND Pin=*3-6
Added Pin To Net: NetName=GND Pin=*3-6
Added Pin To Net: NetName=GND Pin=*3-6
Added Pin To Net: NetName=GND Pin=C1-1
Added Pin To Net: NetName=GND Pin=C2-1
Added Pin To Net: NetName=GND Pin=C3-1
Added Pin To Net: NetName=GND Pin=C4-2
Added Pin To Net: NetName=GND Pin=C5-2
Added Pin To Net: NetName=GND Pin=C6-2
Added Pin To Net: NetName=GND Pin=C7-3
Added Pin To Net: NetName=GND Pin=C8-1
Added Pin To Net: NetName=GND Pin=C9-2
Added Pin To Net: NetName=GND Pin=C10-2
Added Pin To Net: NetName=GND Pin=C11-2
Added Pin To Net: NetName=GND Pin=C12-2
Added Pin To Net: NetName=GND Pin=C13-2
Added Pin To Net: NetName=GND Pin=C14-1
Added Pin To Net: NetName=GND Pin=C15-1
Added Pin To Net: NetName=GND Pin=C16-2
Added Pin To Net: NetName=GND Pin=LED4-2
Added Pin To Net: NetName=GND Pin=M1-2
Added Pin To Net: NetName=GND Pin=M1-2
Added Pin To Net: NetName=GND Pin=M1-2
Added Pin To Net: NetName=GND Pin=M2-2
Added Pin To Net: NetName=GND Pin=M2-2
Added Pin To Net: NetName=GND Pin=M2-2
Added Pin To Net: NetName=GND Pin=R3-1
Added Pin To Net: NetName=GND Pin=R10-2
Added Pin To Net: NetName=GND Pin=S1-1
Added Pin To Net: NetName=GND Pin=S2-2
Added Pin To Net: NetName=GND Pin=U1-1
Added Pin To Net: NetName=GND Pin=U2-1
Added Pin To Net: NetName=GND Pin=U3-1
Added Pin To Net: NetName=GND Pin=U3-101
Added Pin To Net: NetName=GND Pin=U4-1
Added Pin To Net: NetName=GND Pin=USB1-5
Added Pin To Net: NetName=GND Pin=USB1-5
Added Pin To Net: NetName=GND Pin=USB1-5
Added Pin To Net: NetName=GND Pin=USB2-5
Added Pin To Net: NetName=GND Pin=USB2-5
Added Pin To Net: NetName=GND Pin=USB2-5
Added Net: Name=GND
Added Pin To Net: NetName=IO0 Pin=C14-2
Added Pin To Net: NetName=IO0 Pin=Q2-3
Added Pin To Net: NetName=IO0 Pin=R8-2
Added Pin To Net: NetName=IO0 Pin=S2-1
Added Pin To Net: NetName=IO0 Pin=SB1-3
Added Pin To Net: NetName=IO0 Pin=U3-25
Added Net: Name=IO0
Added Pin To Net: NetName=IO2 Pin=LED5-1
Added Pin To Net: NetName=IO2 Pin=U3-24
Added Net: Name=IO2
Added Pin To Net: NetName=IO13 Pin=U3-16
Added Net: Name=IO13
Added Pin To Net: NetName=IO15 Pin=U3-23
Added Net: Name=IO15
Added Pin To Net: NetName=Net*1_1 Pin=*1-1
Added Pin To Net: NetName=Net*1_1 Pin=M1-6
Added Pin To Net: NetName=Net*1_1 Pin=M1-6
Added Net: Name=Net*1_1
Added Pin To Net: NetName=Net*2_1 Pin=*2-1
Added Pin To Net: NetName=Net*2_1 Pin=M2-6
Added Pin To Net: NetName=Net*2_1 Pin=M2-6
Added Net: Name=Net*2_1
Added Pin To Net: NetName=Net*3_1 Pin=*3-1
Added Pin To Net: NetName=Net*3_1 Pin=RM1-1
Added Net: Name=Net*3_1
Added Pin To Net: NetName=Net*3_8 Pin=*3-8
Added Pin To Net: NetName=Net*3_8 Pin=RM1-4
Added Net: Name=Net*3_8
Added Pin To Net: NetName=NetC10_1 Pin=C10-1
Added Pin To Net: NetName=NetC10_1 Pin=U3-8
Added Pin To Net: NetName=NetC10_1 Pin=X1-2
Added Net: Name=NetC10_1
Added Pin To Net: NetName=NetC11_1 Pin=C11-1
Added Pin To Net: NetName=NetC11_1 Pin=U4-7
Added Pin To Net: NetName=NetC11_1 Pin=X2-2
Added Net: Name=NetC11_1
Added Pin To Net: NetName=NetC12_1 Pin=C12-1
Added Pin To Net: NetName=NetC12_1 Pin=U3-9
Added Pin To Net: NetName=NetC12_1 Pin=X1-1
Added Net: Name=NetC12_1
Added Pin To Net: NetName=NetC13_1 Pin=C13-1
Added Pin To Net: NetName=NetC13_1 Pin=U4-8
Added Pin To Net: NetName=NetC13_1 Pin=X2-1
Added Net: Name=NetC13_1
Added Pin To Net: NetName=NetD1_1 Pin=D1-1
Added Pin To Net: NetName=NetD1_1 Pin=USB1-1
Added Net: Name=NetD1_1
Added Pin To Net: NetName=NetD2_1 Pin=D2-1
Added Pin To Net: NetName=NetD2_1 Pin=USB2-1
Added Net: Name=NetD2_1
Added Pin To Net: NetName=NetLED1_1 Pin=LED1-1
Added Pin To Net: NetName=NetLED1_1 Pin=R1-1
Added Net: Name=NetLED1_1
Added Pin To Net: NetName=NetLED2_1 Pin=LED2-1
Added Pin To Net: NetName=NetLED2_1 Pin=R2-1
Added Net: Name=NetLED2_1
Added Pin To Net: NetName=NetLED3_1 Pin=LED3-1
Added Pin To Net: NetName=NetLED3_1 Pin=R4-1
Added Net: Name=NetLED3_1
Added Pin To Net: NetName=NetLED4_1 Pin=LED4-1
Added Pin To Net: NetName=NetLED4_1 Pin=R5-1
Added Net: Name=NetLED4_1
Added Pin To Net: NetName=NetLED5_2 Pin=LED5-2
Added Pin To Net: NetName=NetLED5_2 Pin=R10-1
Added Net: Name=NetLED5_2
Added Pin To Net: NetName=NetM1_5 Pin=M1-5
Added Pin To Net: NetName=NetM1_5 Pin=SB1-2
Added Net: Name=NetM1_5
Added Pin To Net: NetName=NetQ1_2 Pin=Q1-2
Added Pin To Net: NetName=NetQ1_2 Pin=R7-1
Added Net: Name=NetQ1_2
Added Pin To Net: NetName=NetQ2_2 Pin=Q2-2
Added Pin To Net: NetName=NetQ2_2 Pin=R9-1
Added Net: Name=NetQ2_2
Added Pin To Net: NetName=NetU4_5 Pin=U4-5
Added Pin To Net: NetName=NetU4_5 Pin=USB2-3
Added Net: Name=NetU4_5
Added Pin To Net: NetName=NetU4_6 Pin=U4-6
Added Pin To Net: NetName=NetU4_6 Pin=USB2-2
Added Net: Name=NetU4_6
Added Pin To Net: NetName=OBIT_PROTOCOL_DT Pin=R3-2
Added Pin To Net: NetName=OBIT_PROTOCOL_DT Pin=U3-12
Added Pin To Net: NetName=OBIT_PROTOCOL_DT Pin=USB1-4
Added Net: Name=OBIT_PROTOCOL_DT
Added Pin To Net: NetName=RTS Pin=Q1-1
Added Pin To Net: NetName=RTS Pin=R9-2
Added Pin To Net: NetName=RTS Pin=U4-14
Added Net: Name=RTS
Added Pin To Net: NetName=SD_CLK Pin=*3-5
Added Pin To Net: NetName=SD_CLK Pin=U3-30
Added Net: Name=SD_CLK
Added Pin To Net: NetName=SD_CS Pin=*3-2
Added Pin To Net: NetName=SD_CS Pin=RM1-2
Added Pin To Net: NetName=SD_CS Pin=U3-29
Added Net: Name=SD_CS
Added Pin To Net: NetName=SD_DI Pin=*3-3
Added Pin To Net: NetName=SD_DI Pin=U3-37
Added Net: Name=SD_DI
Added Pin To Net: NetName=SD_DO Pin=*3-7
Added Pin To Net: NetName=SD_DO Pin=RM1-3
Added Pin To Net: NetName=SD_DO Pin=U3-31
Added Net: Name=SD_DO
Added Pin To Net: NetName=STATUS_ESP Pin=LED3-2
Added Pin To Net: NetName=STATUS_ESP Pin=U3-26
Added Net: Name=STATUS_ESP
Added Class: Name=GatewayESP32
Added Room: Name=GatewayESP32
